1(1)    sym # : 17
3(1)    sym # : 18
5(1)    sym # : 19
7(1)    sym # : 20
9(1)    sym # : 21
11(1)    sym # : 22
13(1)    sym # : 23
15(1)    sym # : 24
17(1)    sym # : 25
19(1)    sym # : 26
21(1)    sym # : 27
23(1)    sym # : 30
25(1)    sym # : 35
27(1)    sym # : 36
29(1)    sym # : 28
32(1)    sym # : 29
35(1)    sym # : 31
38(1)    sym # : 32
41(1)    sym # : 33
44(1)    sym # : 34
47(1)    sym # : 37
50(1)    sym # : 38
53(1)    sym # : 31
55(1)    sym # : 17
1(2)    sym # : 2
5(2)    sym # : 4
12(2)    sym # : 3
17(2)    sym # : 5
20(2)    sym # : 6
25(2)    sym # : 7
31(2)    sym # : 8
38(2)    sym # : 9
44(2)    sym # : 10
1(3)    sym # : 13
12(3)    sym # : 13
1(4)    sym # : 16
2(4)    sym # : 16
2(4)    sym # : 16
1(5)    sym # : 16
4(5)    sym # : 16
1(6)    sym # : 11
6(6)    sym # : 12
1(7)    sym # : 16
3(7)    sym # : 16
2(8)    sym # : 16
9(10)    sym # : 16
